<-= 1 =->
city = Dallas
<-= 2 =->
pid = p06
pid = p05
pid = p01
<-= 3 =->
name = Weyland-Yutani
<-= 4 =->
name = Weyland-Yutani
<-= 5 =->
name = ACME
name = Otasi
name = Tiptop
name = Otasi
name = Allied
name = Smith
name = Basics
name = Smith
<-= 6 =->
name = ACME
city = Duluth
name = Otasi
city = Duluth
name = Tiptop
city = Duluth
name = Otasi
city = Duluth
name = Allied
city = Dallas
name = Smith
city = Dallas
name = Basics
city = Dallas
name = Smith
city = Dallas
<-= 7 =->
name = ACME
city = Duluth
numberofproducts = 2
name = Tiptop
city = Duluth
numberofproducts = 2
name = Allied
city = Dallas
numberofproducts = 3
name = Basics
city = Dallas
numberofproducts = 3
<-= end =->
