<-= 1 =->
name = Basics
city = Dallas
<-= 2 =->
name = folder
name = clip
<-= 3 =->
name = Basics
pid = p03
totaloforders = 1620.00
name = ACME
pid = p01
totaloforders = 1360.00
name = Allied
pid = p05
totaloforders = 1104.00
name = Tiptop
pid = p07
totaloforders = 720.00
name = Tiptop
pid = p06
totaloforders = 720.00
name = ACME
pid = p07
totaloforders = 600.00
name = Tiptop
pid = p03
totaloforders = 540.00
name = Tiptop
pid = p04
totaloforders = 540.00
name = Tiptop
pid = p05
totaloforders = 450.00
name = Tiptop
pid = p01
totaloforders = 450.00
name = Tiptop
pid = p02
totaloforders = 180.00
<-= 4 =->
name = ACME
sum = 400.00
name = ACME
sum = 460.00
name = ACME
sum = 500.00
name = ACME
sum = 600.00
name = Allied
sum = 1104.00
name = Basics
sum = 740.00
name = Basics
sum = 880.00
name = Tiptop
sum = 180.00
name = Tiptop
sum = 900.00
name = Tiptop
sum = 1080.00
name = Tiptop
sum = 1440.00
name = Weyland-Yutani
sum = None
<-= 5 =->
name = Basics
name = comb
name = Brown
name = Basics
name = brush
name = Brown
name = Basics
name = razor
name = Brown
name = Basics
name = pen
name = Brown
name = Basics
name = pencil
name = Brown
name = Basics
name = folder
name = Brown
name = Basics
name = case
name = Brown
name = Basics
name = clip
name = Brown
name = Allied
name = comb
name = Brown
name = Allied
name = brush
name = Brown
name = Allied
name = razor
name = Brown
name = Allied
name = pen
name = Brown
name = Allied
name = pencil
name = Brown
name = Allied
name = folder
name = Brown
name = Allied
name = case
name = Brown
name = Allied
name = clip
name = Brown
name = Tiptop
name = comb
name = Brown
name = Tiptop
name = brush
name = Brown
name = Tiptop
name = razor
name = Brown
name = Tiptop
name = pen
name = Brown
name = Tiptop
name = pencil
name = Brown
name = Tiptop
name = folder
name = Brown
name = Tiptop
name = case
name = Brown
name = Tiptop
name = clip
name = Brown
name = ACME
name = comb
name = Brown
name = ACME
name = brush
name = Brown
name = ACME
name = razor
name = Brown
name = ACME
name = pen
name = Brown
name = ACME
name = pencil
name = Brown
name = ACME
name = folder
name = Brown
name = ACME
name = case
name = Brown
name = ACME
name = clip
name = Brown
<-= 6 =->
ordno = 1026
mon = may
cid = c002
aid = a05
pid = p03
qty = 800
dollars = 740.00
truedollars = 704.0000000000000000000000
<-= 7 =->
None
<-= end =->
